objc[19555]: Class AXEmojiUtilities is implemented in both /Applications/Xcode.app/Contents/Developer/Platforms/iPhoneSimulator.platform/Developer/SDKs/iPhoneSimulator7.1.sdk/System/Library/PrivateFrameworks/AccessibilityUtilities.framework/AccessibilityUtilities and /Applications/Xcode.app/Contents/Developer/Platforms/iPhoneSimulator.platform/Developer/SDKs/iPhoneSimulator7.1.sdk/usr/lib/libAXSpeechManager.dylib. One of the two will be used. Which one is undefined.
2014-12-10 17:19:10.134 Ping[19555:70b] Cannot find executable for CFBundle 0xa330ee0 </Applications/Xcode.app/Contents/Developer/Platforms/iPhoneSimulator.platform/Developer/SDKs/iPhoneSimulator7.1.sdk/System/Library/AccessibilityBundles/CertUIFramework.axbundle> (not loaded)
2014-12-10 17:19:10.141 Ping[19555:70b] Cannot find executable for CFBundle 0xa569bf0 </Applications/Xcode.app/Contents/Developer/Platforms/iPhoneSimulator.platform/Developer/SDKs/iPhoneSimulator7.1.sdk/System/Library/AccessibilityBundles/GeoServices.axbundle> (not loaded)
2014-12-10 17:19:10.178 Ping[19555:70b] Apache Cordova native platform version 3.6.3 is starting.
2014-12-10 17:19:10.179 Ping[19555:70b] Multi-tasking -> Device: YES, App: YES
2014-12-10 17:19:10.208 Ping[19555:70b] Unlimited access to network resources
2014-12-10 17:19:10.214 Ping[19555:70b] 

Started backup to iCloud! Please be careful.
Your application might be rejected by Apple if you store too much data.
For more information please read "iOS Data Storage Guidelines" at:
https://developer.apple.com/icloud/documentation/data-storage/

2014-12-10 17:19:10.409 Ping[19555:70b] CDVPlugin class CDVFile (pluginName: file) does not exist.
2014-12-10 17:19:10.409 Ping[19555:70b] [CDVTimer][file] 0.548005ms
2014-12-10 17:19:10.410 Ping[19555:70b] [CDVTimer][TotalPluginStartup] 1.128972ms
2014-12-10 17:19:10.623 Ping[19555:70b] Resetting plugins due to page load.
2014-12-10 17:19:11.631 Ping[19555:70b] Finished load of: file:///Users/John/Library/Application%20Support/iPhone%20Simulator/7.1/Applications/E8CD8A78-C047-4296-8C95-11A47D1262FA/Ping.app/www/index.html#/ping/map
2014-12-10 17:19:11.645 Ping[19555:70b] CDVPlugin class CDVFile (pluginName: File) does not exist.
2014-12-10 17:19:11.645 Ping[19555:70b] ERROR: Plugin 'File' not found, or is not a CDVPlugin. Check your plugin mapping in config.xml.
2014-12-10 17:19:11.646 Ping[19555:70b] -[CDVCommandQueue executePending] [Line 158] FAILED pluginJSON = [
  "File320906168",
  "File",
  "requestAllPaths",
  [

  ]
]
objc[19903]: Class AXEmojiUtilities is implemented in both /Applications/Xcode.app/Contents/Developer/Platforms/iPhoneSimulator.platform/Developer/SDKs/iPhoneSimulator7.1.sdk/System/Library/PrivateFrameworks/AccessibilityUtilities.framework/AccessibilityUtilities and /Applications/Xcode.app/Contents/Developer/Platforms/iPhoneSimulator.platform/Developer/SDKs/iPhoneSimulator7.1.sdk/usr/lib/libAXSpeechManager.dylib. One of the two will be used. Which one is undefined.
2014-12-10 17:28:59.944 Ping[19903:70b] Cannot find executable for CFBundle 0xa28e020 </Applications/Xcode.app/Contents/Developer/Platforms/iPhoneSimulator.platform/Developer/SDKs/iPhoneSimulator7.1.sdk/System/Library/AccessibilityBundles/CertUIFramework.axbundle> (not loaded)
2014-12-10 17:28:59.955 Ping[19903:70b] Cannot find executable for CFBundle 0xa3ca330 </Applications/Xcode.app/Contents/Developer/Platforms/iPhoneSimulator.platform/Developer/SDKs/iPhoneSimulator7.1.sdk/System/Library/AccessibilityBundles/GeoServices.axbundle> (not loaded)
2014-12-10 17:29:00.072 Ping[19903:70b] Apache Cordova native platform version 3.6.3 is starting.
2014-12-10 17:29:00.073 Ping[19903:70b] Multi-tasking -> Device: YES, App: YES
2014-12-10 17:29:00.109 Ping[19903:70b] Unlimited access to network resources
2014-12-10 17:29:00.116 Ping[19903:70b] 

Started backup to iCloud! Please be careful.
Your application might be rejected by Apple if you store too much data.
For more information please read "iOS Data Storage Guidelines" at:
https://developer.apple.com/icloud/documentation/data-storage/

2014-12-10 17:29:00.339 Ping[19903:70b] CDVPlugin class CDVFile (pluginName: file) does not exist.
2014-12-10 17:29:00.339 Ping[19903:70b] [CDVTimer][file] 0.497043ms
2014-12-10 17:29:00.340 Ping[19903:70b] [CDVTimer][TotalPluginStartup] 1.002014ms
2014-12-10 17:29:00.723 Ping[19903:70b] Resetting plugins due to page load.
2014-12-10 17:29:01.607 Ping[19903:70b] Finished load of: file:///Users/John/Library/Application%20Support/iPhone%20Simulator/7.1/Applications/E8CD8A78-C047-4296-8C95-11A47D1262FA/Ping.app/www/index.html#/ping/map
2014-12-10 17:29:01.623 Ping[19903:70b] CDVPlugin class CDVFile (pluginName: File) does not exist.
2014-12-10 17:29:01.623 Ping[19903:70b] ERROR: Plugin 'File' not found, or is not a CDVPlugin. Check your plugin mapping in config.xml.
2014-12-10 17:29:01.624 Ping[19903:70b] -[CDVCommandQueue executePending] [Line 158] FAILED pluginJSON = [
  "File565661018",
  "File",
  "requestAllPaths",
  [

  ]
]
2014-12-10 17:29:29.516 Ping[19903:70b] Received memory warning.
objc[20226]: Class AXEmojiUtilities is implemented in both /Applications/Xcode.app/Contents/Developer/Platforms/iPhoneSimulator.platform/Developer/SDKs/iPhoneSimulator7.1.sdk/System/Library/PrivateFrameworks/AccessibilityUtilities.framework/AccessibilityUtilities and /Applications/Xcode.app/Contents/Developer/Platforms/iPhoneSimulator.platform/Developer/SDKs/iPhoneSimulator7.1.sdk/usr/lib/libAXSpeechManager.dylib. One of the two will be used. Which one is undefined.
2014-12-10 17:29:54.500 Ping[20226:70b] Cannot find executable for CFBundle 0xa387b90 </Applications/Xcode.app/Contents/Developer/Platforms/iPhoneSimulator.platform/Developer/SDKs/iPhoneSimulator7.1.sdk/System/Library/AccessibilityBundles/GeoServices.axbundle> (not loaded)
2014-12-10 17:29:54.510 Ping[20226:70b] Cannot find executable for CFBundle 0xa3a7e20 </Applications/Xcode.app/Contents/Developer/Platforms/iPhoneSimulator.platform/Developer/SDKs/iPhoneSimulator7.1.sdk/System/Library/AccessibilityBundles/CertUIFramework.axbundle> (not loaded)
2014-12-10 17:29:54.564 Ping[20226:70b] Apache Cordova native platform version 3.6.3 is starting.
2014-12-10 17:29:54.564 Ping[20226:70b] Multi-tasking -> Device: YES, App: YES
2014-12-10 17:29:54.601 Ping[20226:70b] Unlimited access to network resources
2014-12-10 17:29:54.608 Ping[20226:70b] 

Started backup to iCloud! Please be careful.
Your application might be rejected by Apple if you store too much data.
For more information please read "iOS Data Storage Guidelines" at:
https://developer.apple.com/icloud/documentation/data-storage/

2014-12-10 17:29:55.022 Ping[20226:70b] CDVPlugin class CDVFile (pluginName: file) does not exist.
2014-12-10 17:29:55.023 Ping[20226:70b] [CDVTimer][file] 0.898004ms
2014-12-10 17:29:55.024 Ping[20226:70b] [CDVTimer][TotalPluginStartup] 1.432002ms
2014-12-10 17:29:55.277 Ping[20226:70b] Resetting plugins due to page load.
2014-12-10 17:29:56.342 Ping[20226:70b] Finished load of: file:///Users/John/Library/Application%20Support/iPhone%20Simulator/7.1/Applications/E8CD8A78-C047-4296-8C95-11A47D1262FA/Ping.app/www/index.html#/ping/map
2014-12-10 17:29:56.352 Ping[20226:70b] CDVPlugin class CDVFile (pluginName: File) does not exist.
2014-12-10 17:29:56.352 Ping[20226:70b] ERROR: Plugin 'File' not found, or is not a CDVPlugin. Check your plugin mapping in config.xml.
2014-12-10 17:29:56.353 Ping[20226:70b] -[CDVCommandQueue executePending] [Line 158] FAILED pluginJSON = [
  "File1418542042",
  "File",
  "requestAllPaths",
  [

  ]
]
